[debug] [2024-11-07T12:34:52.198Z] ----------------------------------------------------------------------
[debug] [2024-11-07T12:34:52.202Z] Command:       C:\Program Files\nodejs\node.exe C:\Users\augur\AppData\Roaming\npm\node_modules\firebase-tools\lib\bin\firebase.js init hosting
[debug] [2024-11-07T12:34:52.202Z] CLI Version:   13.24.1
[debug] [2024-11-07T12:34:52.202Z] Platform:      win32
[debug] [2024-11-07T12:34:52.202Z] Node Version:  v20.9.0
[debug] [2024-11-07T12:34:52.203Z] Time:          Thu Nov 07 2024 13:34:52 GMT+0100 (heure normale d’Europe centrale)
[debug] [2024-11-07T12:34:52.203Z] ----------------------------------------------------------------------
[debug] 
[debug] [2024-11-07T12:34:52.212Z] > command requires scopes: ["email","openid","https://www.googleapis.com/auth/cloudplatformprojects.readonly","https://www.googleapis.com/auth/firebase","https://www.googleapis.com/auth/cloud-platform"]
[debug] [2024-11-07T12:34:52.213Z] > authorizing via signed-in user (augure@gmail.com)
[info] 
     ######## #### ########  ######## ########     ###     ######  ########
     ##        ##  ##     ## ##       ##     ##  ##   ##  ##       ##
     ######    ##  ########  ######   ########  #########  ######  ######
     ##        ##  ##    ##  ##       ##     ## ##     ##       ## ##
     ##       #### ##     ## ######## ########  ##     ##  ######  ########

You're about to initialize a Firebase project in this directory:

  C:\Users\augur\OneDrive\Documents\01 ancien\01 cours\04 Javascript\2024 CESI\jeux

[info] 
=== Project Setup
[info] 
[info] First, let's associate this project directory with a Firebase project.
[info] You can create multiple project aliases by running firebase use --add, 
[info] but for now we'll just set up a default project.
[info] 
[info] i  If you want to create a project in a Google Cloud organization or folder, please use "firebase projects:create" instead, and return to this command when you've created the project. 
[debug] [2024-11-07T12:35:09.104Z] Checked if tokens are valid: false, expires at: 1699608540432
[debug] [2024-11-07T12:35:09.106Z] Checked if tokens are valid: false, expires at: 1699608540432
[debug] [2024-11-07T12:35:09.107Z] > refreshing access token with scopes: []
[debug] [2024-11-07T12:35:09.112Z] >>> [apiv2][query] POST https://www.googleapis.com/oauth2/v3/token [none]
[debug] [2024-11-07T12:35:09.113Z] >>> [apiv2][body] POST https://www.googleapis.com/oauth2/v3/token [omitted]
[debug] [2024-11-07T12:35:09.303Z] <<< [apiv2][status] POST https://www.googleapis.com/oauth2/v3/token 400
[debug] [2024-11-07T12:35:09.303Z] <<< [apiv2][body] POST https://www.googleapis.com/oauth2/v3/token [omitted]
[debug] [2024-11-07T12:35:09.304Z] >>> [apiv2][query] POST https://cloudresourcemanager.googleapis.com/v1/projects [none]
[debug] [2024-11-07T12:35:09.304Z] >>> [apiv2][body] POST https://cloudresourcemanager.googleapis.com/v1/projects {"projectId":"cot-cot-game","name":"y"}
[debug] [2024-11-07T12:35:09.942Z] <<< [apiv2][status] POST https://cloudresourcemanager.googleapis.com/v1/projects 401
[debug] [2024-11-07T12:35:09.943Z] <<< [apiv2][body] POST https://cloudresourcemanager.googleapis.com/v1/projects {"error":{"code":401,"message":"Request had invalid authentication credentials. Expected OAuth 2 access token, login cookie or other valid authentication credential. See https://developers.google.com/identity/sign-in/web/devconsole-project.","status":"UNAUTHENTICATED","details":[{"@type":"type.googleapis.com/google.rpc.ErrorInfo","reason":"ACCESS_TOKEN_TYPE_UNSUPPORTED","metadata":{"service":"cloudresourcemanager.googleapis.com","method":"google.cloudresourcemanager.v1.Projects.CreateProject"}}]}}
[debug] [2024-11-07T12:35:09.943Z] Got a 401 Unauthenticated error for a call that required authentication. Refreshing tokens.
[debug] [2024-11-07T12:35:09.943Z] Checked if tokens are valid: false, expires at: 1699608540432
[debug] [2024-11-07T12:35:09.943Z] Checked if tokens are valid: false, expires at: 1699608540432
[debug] [2024-11-07T12:35:09.943Z] > refreshing access token with scopes: []
[debug] [2024-11-07T12:35:09.944Z] >>> [apiv2][query] POST https://www.googleapis.com/oauth2/v3/token [none]
[debug] [2024-11-07T12:35:09.944Z] >>> [apiv2][body] POST https://www.googleapis.com/oauth2/v3/token [omitted]
[debug] [2024-11-07T12:35:09.984Z] <<< [apiv2][status] POST https://www.googleapis.com/oauth2/v3/token 400
[debug] [2024-11-07T12:35:09.985Z] <<< [apiv2][body] POST https://www.googleapis.com/oauth2/v3/token [omitted]
[debug] [2024-11-07T12:35:10.075Z] FirebaseError: Request to https://cloudresourcemanager.googleapis.com/v1/projects had HTTP Error: 401, Request had invalid authentication credentials. Expected OAuth 2 access token, login cookie or other valid authentication credential. See https://developers.google.com/identity/sign-in/web/devconsole-project.
    at responseToError (C:\Users\augur\AppData\Roaming\npm\node_modules\firebase-tools\lib\responseToError.js:52:12)
    at RetryOperation._fn (C:\Users\augur\AppData\Roaming\npm\node_modules\firebase-tools\lib\apiv2.js:312:77)
    at process.processTicksAndRejections (node:internal/process/task_queues:95:5)
[error] 
[error] Error: Failed to create project. See firebase-debug.log for more info.
